Using pre-set license
Built from '2021.3/staging' branch; Version is '2021.3.15f1 (e8e88683f834) revision 15263878'; Using compiler version '192829333'; Build Type 'Release'
OS: 'Windows 10  (10.0.19044) 64bit Professional' Language: 'en' Physical Memory: 16083 MB
BatchMode: 1, IsHumanControllingUs: 0, StartBugReporterOnCrash: 0, Is64bit: 1, IsPro: 1

COMMAND LINE ARGUMENTS:
C:\Program Files\Unity\Hub\Editor\2021.3.15f1\Editor\Unity.exe
-adb2
-batchMode
-noUpm
-name
AssetImportWorker1
-projectPath
C:/Users/aalsohail/UnityProjects/Airplane Physics
-logFile
Logs/AssetImportWorker1.log
-srvPort
49238
Successfully changed project path to: C:/Users/aalsohail/UnityProjects/Airplane Physics
C:/Users/aalsohail/UnityProjects/Airplane Physics
[UnityMemory] Configuration Parameters - Can be set up in boot.config
    "memorysetup-bucket-allocator-granularity=16"
    "memorysetup-bucket-allocator-bucket-count=8"
    "memorysetup-bucket-allocator-block-size=33554432"
    "memorysetup-bucket-allocator-block-count=8"
    "memorysetup-main-allocator-block-size=16777216"
    "memorysetup-thread-allocator-block-size=16777216"
    "memorysetup-gfx-main-allocator-block-size=16777216"
    "memorysetup-gfx-thread-allocator-block-size=16777216"
    "memorysetup-cache-allocator-block-size=4194304"
    "memorysetup-typetree-allocator-block-size=2097152"
    "memorysetup-profiler-bucket-allocator-granularity=16"
    "memorysetup-profiler-bucket-allocator-bucket-count=8"
    "memorysetup-profiler-bucket-allocator-block-size=33554432"
    "memorysetup-profiler-bucket-allocator-block-count=8"
    "memorysetup-profiler-allocator-block-size=16777216"
    "memorysetup-profiler-editor-allocator-block-size=1048576"
    "memorysetup-temp-allocator-size-main=16777216"
    "memorysetup-job-temp-allocator-block-size=2097152"
    "memorysetup-job-temp-allocator-block-size-background=1048576"
    "memorysetup-job-temp-allocator-reduction-small-platforms=262144"
    "memorysetup-temp-allocator-size-background-worker=32768"
    "memorysetup-temp-allocator-size-job-worker=262144"
    "memorysetup-temp-allocator-size-preload-manager=33554432"
    "memorysetup-temp-allocator-size-nav-mesh-worker=65536"
    "memorysetup-temp-allocator-size-audio-worker=65536"
    "memorysetup-temp-allocator-size-cloud-worker=32768"
    "memorysetup-temp-allocator-size-gi-baking-worker=262144"
    "memorysetup-temp-allocator-size-gfx=262144"
Player connection [13340] Host "[IP] 172.16.13.9 [Port] 0 [Flags] 2 [Guid] 3906141998 [EditorId] 3906141998 [Version] 1048832 [Id] WindowsEditor(7,aalsohail0te1) [Debug] 1 [PackageName] WindowsEditor [ProjectName] Editor" joined multi-casting on [225.0.0.222:54997]...

Player connection [13340] Host "[IP] 172.16.13.9 [Port] 0 [Flags] 2 [Guid] 3906141998 [EditorId] 3906141998 [Version] 1048832 [Id] WindowsEditor(7,aalsohail0te1) [Debug] 1 [PackageName] WindowsEditor [ProjectName] Editor" joined alternative multi-casting on [225.0.0.222:34997]...

Refreshing native plugins compatible for Editor in 90.51 ms, found 3 plugins.
Preloading 0 native plugins for Editor in 0.00 ms.
Initialize engine version: 2021.3.15f1 (e8e88683f834)
[Subsystems] Discovering subsystems at path C:/Program Files/Unity/Hub/Editor/2021.3.15f1/Editor/Data/Resources/UnitySubsystems
[Subsystems] Discovering subsystems at path C:/Users/aalsohail/UnityProjects/Airplane Physics/Assets
GfxDevice: creating device client; threaded=0; jobified=0
Direct3D:
    Version:  Direct3D 11.0 [level 11.1]
    Renderer: Intel(R) Iris(R) Xe Graphics (ID=0x46a8)
    Vendor:   Intel
    VRAM:     8041 MB
    Driver:   30.0.101.1369
Initialize mono
Mono path[0] = 'C:/Program Files/Unity/Hub/Editor/2021.3.15f1/Editor/Data/Managed'
Mono path[1] = 'C:/Program Files/Unity/Hub/Editor/2021.3.15f1/Editor/Data/MonoBleedingEdge/lib/mono/unityjit-win32'
Mono config path = 'C:/Program Files/Unity/Hub/Editor/2021.3.15f1/Editor/Data/MonoBleedingEdge/etc'
Using monoOptions --debugger-agent=transport=dt_socket,embedding=1,server=y,suspend=n,address=127.0.0.1:56852
Begin MonoManager ReloadAssembly
Registering precompiled unity dll's ...
Register platform support module: C:/Program Files/Unity/Hub/Editor/2021.3.15f1/Editor/Data/PlaybackEngines/WebGLSupport/UnityEditor.WebGL.Extensions.dll
Register platform support module: C:/Program Files/Unity/Hub/Editor/2021.3.15f1/Editor/Data/PlaybackEngines/WindowsStandaloneSupport/UnityEditor.WindowsStandalone.Extensions.dll
Registered in 0.025413 seconds.
Native extension for WindowsStandalone target not found
Native extension for WebGL target not found
Refreshing native plugins compatible for Editor in 85.24 ms, found 3 plugins.
Preloading 0 native plugins for Editor in 0.00 ms.
Mono: successfully reloaded assembly
- Completed reload, in  0.826 seconds
Domain Reload Profiling:
	ReloadAssembly (827ms)
		BeginReloadAssembly (132ms)
			ExecutionOrderSort (0ms)
			DisableScriptedObjects (0ms)
			BackupInstance (0ms)
			ReleaseScriptingObjects (0ms)
			CreateAndSetChildDomain (1ms)
		EndReloadAssembly (521ms)
			LoadAssemblies (123ms)
			RebuildTransferFunctionScriptingTraits (0ms)
			SetupTypeCache (116ms)
			ReleaseScriptCaches (0ms)
			RebuildScriptCaches (30ms)
			SetupLoadedEditorAssemblies (300ms)
				LogAssemblyErrors (0ms)
				InitializePlatformSupportModulesInManaged (17ms)
				SetLoadedEditorAssemblies (0ms)
				RefreshPlugins (85ms)
				BeforeProcessingInitializeOnLoad (1ms)
				ProcessInitializeOnLoadAttributes (142ms)
				ProcessInitializeOnLoadMethodAttributes (55ms)
				AfterProcessingInitializeOnLoad (0ms)
				EditorAssembliesLoaded (0ms)
			ExecutionOrderSort2 (0ms)
			AwakeInstancesAfterBackupRestoration (0ms)
Platform modules already initialized, skipping
Registering precompiled user dll's ...
Registered in 0.017837 seconds.
Begin MonoManager ReloadAssembly
Symbol file LoadedFromMemory doesn't match image C:\Users\aalsohail\UnityProjects\Airplane Physics\Library\PackageCache\com.unity.visualscripting@1.7.8\Editor\VisualScripting.Core\Dependencies\YamlDotNet\Unity.VisualScripting.YamlDotNet.dll
Symbol file LoadedFromMemory doesn't match image C:\Users\aalsohail\UnityProjects\Airplane Physics\Library\PackageCache\com.unity.visualscripting@1.7.8\Editor\VisualScripting.Core\Dependencies\DotNetZip\Unity.VisualScripting.IonicZip.dll
Native extension for WindowsStandalone target not found
Native extension for WebGL target not found
Refreshing native plugins compatible for Editor in 0.60 ms, found 3 plugins.
Preloading 0 native plugins for Editor in 0.00 ms.
Mono: successfully reloaded assembly
- Completed reload, in  1.288 seconds
Domain Reload Profiling:
	ReloadAssembly (1289ms)
		BeginReloadAssembly (140ms)
			ExecutionOrderSort (0ms)
			DisableScriptedObjects (6ms)
			BackupInstance (0ms)
			ReleaseScriptingObjects (0ms)
			CreateAndSetChildDomain (17ms)
		EndReloadAssembly (985ms)
			LoadAssemblies (130ms)
			RebuildTransferFunctionScriptingTraits (0ms)
			SetupTypeCache (287ms)
			ReleaseScriptCaches (0ms)
			RebuildScriptCaches (53ms)
			SetupLoadedEditorAssemblies (466ms)
				LogAssemblyErrors (0ms)
				InitializePlatformSupportModulesInManaged (13ms)
				SetLoadedEditorAssemblies (1ms)
				RefreshPlugins (1ms)
				BeforeProcessingInitializeOnLoad (122ms)
				ProcessInitializeOnLoadAttributes (274ms)
				ProcessInitializeOnLoadMethodAttributes (26ms)
				AfterProcessingInitializeOnLoad (29ms)
				EditorAssembliesLoaded (0ms)
			ExecutionOrderSort2 (0ms)
			AwakeInstancesAfterBackupRestoration (9ms)
Platform modules already initialized, skipping
========================================================================
Worker process is ready to serve import requests
Launched and connected shader compiler UnityShaderCompiler.exe after 0.37 seconds
Refreshing native plugins compatible for Editor in 0.39 ms, found 3 plugins.
Preloading 0 native plugins for Editor in 0.00 ms.
Unloading 3400 Unused Serialized files (Serialized files now loaded: 0)
Unloading 27 unused Assets / (113.8 KB). Loaded Objects now: 3858.
Memory consumption went from 117.6 MB to 117.5 MB.
Total: 2.466200 ms (FindLiveObjects: 0.159900 ms CreateObjectMapping: 0.071000 ms MarkObjects: 2.129500 ms  DeleteObjects: 0.100300 ms)

AssetImportParameters requested are different than current active one (requested -> active):
  custom:video-decoder-ogg-theora: a1e56fd34408186e4bbccfd4996cb3dc -> 
  custom:container-muxer-webm: aa71ff27fc2769a1b78a27578f13a17b -> 
  custom:container-demuxer-webm: 4f35f7cbe854078d1ac9338744f61a02 -> 
  custom:video-encoder-webm-vp8: eb34c28f22e8b96e1ab97ce403110664 -> 
  custom:audio-encoder-webm-vorbis: bf7c407c2cedff20999df2af8eb42d56 -> 
  custom:framework-win-MediaFoundation: 216162199b28c13a410421893ffa2e32 -> 
  custom:container-demuxer-ogg: 62fdf1f143b41e24485cea50d1cbac27 -> 
  custom:video-decoder-webm-vp8: 9c59270c3fd7afecdb556c50c9e8de78 -> 
  custom:audio-decoder-ogg-vorbis: bf7c407c2cedff20999df2af8eb42d56 -> 
========================================================================
Received Import Request.
  Time since last request: 8204.294812 seconds.
  path: Assets/IndiePixel_Framework/Core/Art/UI/bg-border-white.png
  artifactKey: Guid(d8970abac18fc23439459cf31adbf5c1) Importer(815301076,1909f56bfc062723c751e8b465ee728b)
Start importing Assets/IndiePixel_Framework/Core/Art/UI/bg-border-white.png using Guid(d8970abac18fc23439459cf31adbf5c1) Importer(815301076,1909f56bfc062723c751e8b465ee728b)  -> (artifact id: 'f8193e22d5ebb10c5999b9deb96251e2') in 1.121643 seconds 
========================================================================
Received Import Request.
  Time since last request: 0.246562 seconds.
  path: Assets/IndiePixel_Framework/Core/Art/UI/btn-full-radius-white-border.png
  artifactKey: Guid(24d48efad55606740a610b495c7bbf45) Importer(815301076,1909f56bfc062723c751e8b465ee728b)
Start importing Assets/IndiePixel_Framework/Core/Art/UI/btn-full-radius-white-border.png using Guid(24d48efad55606740a610b495c7bbf45) Importer(815301076,1909f56bfc062723c751e8b465ee728b)  -> (artifact id: '63bfa3a9306b6cc6304043f20da28555') in 0.017900 seconds 
========================================================================
Received Import Request.
  Time since last request: 0.000023 seconds.
  path: Assets/IndiePixel_Framework/Core/Art/UI/color_picker.png
  artifactKey: Guid(682ebc8a7b6a44744b9d6c746f72678e) Importer(815301076,1909f56bfc062723c751e8b465ee728b)
Start importing Assets/IndiePixel_Framework/Core/Art/UI/color_picker.png using Guid(682ebc8a7b6a44744b9d6c746f72678e) Importer(815301076,1909f56bfc062723c751e8b465ee728b)  -> (artifact id: '600c2d67de87cabce1e697b33e3035a3') in 0.049369 seconds 
========================================================================
Received Import Request.
  Time since last request: 0.000022 seconds.
  path: Assets/IndiePixel_Framework/Core/Art/UI/settings-soundOff.png
  artifactKey: Guid(97f4e2416c068eb4cb550dadd5265d8c) Importer(815301076,1909f56bfc062723c751e8b465ee728b)
Start importing Assets/IndiePixel_Framework/Core/Art/UI/settings-soundOff.png using Guid(97f4e2416c068eb4cb550dadd5265d8c) Importer(815301076,1909f56bfc062723c751e8b465ee728b)  -> (artifact id: 'a1a461b637f431e0d8da1f36a773e40f') in 0.014623 seconds 
========================================================================
Received Import Request.
  Time since last request: 0.000025 seconds.
  path: Assets/IndiePixel_Framework/Core/Art/UI/settings-notificationsOn.png
  artifactKey: Guid(9c208b771d166244b80d926632f3bfe6) Importer(815301076,1909f56bfc062723c751e8b465ee728b)
Start importing Assets/IndiePixel_Framework/Core/Art/UI/settings-notificationsOn.png using Guid(9c208b771d166244b80d926632f3bfe6) Importer(815301076,1909f56bfc062723c751e8b465ee728b)  -> (artifact id: '61292d55f9a958a772a7f60442e42925') in 0.014624 seconds 
========================================================================
Received Import Request.
  Time since last request: 0.000019 seconds.
  path: Assets/IndiePixel_Framework/Core/Art/UI/menu-icon.png
  artifactKey: Guid(714843f240fe3bc43850aff2f42b9473) Importer(815301076,1909f56bfc062723c751e8b465ee728b)
Start importing Assets/IndiePixel_Framework/Core/Art/UI/menu-icon.png using Guid(714843f240fe3bc43850aff2f42b9473) Importer(815301076,1909f56bfc062723c751e8b465ee728b)  -> (artifact id: 'ae9adf09564a536220c73d2dd889b00e') in 0.016032 seconds 
========================================================================
Received Import Request.
  Time since last request: 0.000023 seconds.
  path: Assets/IndiePixel_Framework/Core/Art/UI/settings-closeX.png
  artifactKey: Guid(51cefebc5d8e8254c97198391de76602) Importer(815301076,1909f56bfc062723c751e8b465ee728b)
Start importing Assets/IndiePixel_Framework/Core/Art/UI/settings-closeX.png using Guid(51cefebc5d8e8254c97198391de76602) Importer(815301076,1909f56bfc062723c751e8b465ee728b)  -> (artifact id: '6a24d757a93d8cd4ff158d6ec299644e') in 0.014037 seconds 
========================================================================
Received Import Request.
  Time since last request: 0.000021 seconds.
  path: Assets/IndiePixel_Framework/Core/Art/UI/settings-musicOn.png
  artifactKey: Guid(c4dc5e2369111e54fbb6503d2417dde7) Importer(815301076,1909f56bfc062723c751e8b465ee728b)
Start importing Assets/IndiePixel_Framework/Core/Art/UI/settings-musicOn.png using Guid(c4dc5e2369111e54fbb6503d2417dde7) Importer(815301076,1909f56bfc062723c751e8b465ee728b)  -> (artifact id: 'aeb32cf6d498475280a24db1afe62112') in 0.014878 seconds 
========================================================================
Received Import Request.
  Time since last request: 0.000027 seconds.
  path: Assets/IndiePixel_Framework/Core/Art/UI/profile-edit.png
  artifactKey: Guid(f4c2440fd82da2d45a785e2328c4cbd1) Importer(815301076,1909f56bfc062723c751e8b465ee728b)
Start importing Assets/IndiePixel_Framework/Core/Art/UI/profile-edit.png using Guid(f4c2440fd82da2d45a785e2328c4cbd1) Importer(815301076,1909f56bfc062723c751e8b465ee728b)  -> (artifact id: 'fe24aa84d78d0e7a211c4c3856e35260') in 0.015538 seconds 
========================================================================
Received Import Request.
  Time since last request: 0.000031 seconds.
  path: Assets/IndiePixel_Framework/Core/Art/UI/close-icon.png
  artifactKey: Guid(3b559f7df50d4194bb9170ee87061e9f) Importer(815301076,1909f56bfc062723c751e8b465ee728b)
Start importing Assets/IndiePixel_Framework/Core/Art/UI/close-icon.png using Guid(3b559f7df50d4194bb9170ee87061e9f) Importer(815301076,1909f56bfc062723c751e8b465ee728b)  -> (artifact id: '291718428919c49ff1c739c57f4f06e5') in 0.016599 seconds 
========================================================================
Received Import Request.
  Time since last request: 0.000021 seconds.
  path: Assets/IndiePixel_Framework/Core/Art/UI/settings-soundOn.png
  artifactKey: Guid(71ef16e915ebaca4a86f9c0e63399efb) Importer(815301076,1909f56bfc062723c751e8b465ee728b)
Start importing Assets/IndiePixel_Framework/Core/Art/UI/settings-soundOn.png using Guid(71ef16e915ebaca4a86f9c0e63399efb) Importer(815301076,1909f56bfc062723c751e8b465ee728b)  -> (artifact id: '4be843e3de97327c17dc17a67d2adef4') in 0.015668 seconds 
========================================================================
Received Import Request.
  Time since last request: 38.524832 seconds.
  path: Assets/IndiePixel_Framework/Core/Art/Grids/Orange_Grid_MAT.mat
  artifactKey: Guid(7e0195a3a636ffa41b6cc396ddae4758) Importer(815301076,1909f56bfc062723c751e8b465ee728b)
Start importing Assets/IndiePixel_Framework/Core/Art/Grids/Orange_Grid_MAT.mat using Guid(7e0195a3a636ffa41b6cc396ddae4758) Importer(815301076,1909f56bfc062723c751e8b465ee728b)  -> (artifact id: '93c47bae54ecbfe484c0a131a091ee5f') in 0.235506 seconds 
========================================================================
Received Import Request.
  Time since last request: 262.240089 seconds.
  path: Assets/IndiePixel_Framework/Core/Code/Editor/Level_Tools/Vertex_Painter/Resources/EF_VertexPainter_Skin.guiskin
  artifactKey: Guid(06a42c7e4b40cf841a0aab543ddb7de1) Importer(815301076,1909f56bfc062723c751e8b465ee728b)
Start importing Assets/IndiePixel_Framework/Core/Code/Editor/Level_Tools/Vertex_Painter/Resources/EF_VertexPainter_Skin.guiskin using Guid(06a42c7e4b40cf841a0aab543ddb7de1) Importer(815301076,1909f56bfc062723c751e8b465ee728b)  -> (artifact id: '8f476269f1f3a2b63727cea158b829bc') in 0.013777 seconds 
========================================================================
Received Import Request.
  Time since last request: 1.304045 seconds.
  path: Assets/IndiePixel_Framework/Core/Code/Editor/Level_Tools/Vertex_Painter/Fonts/Futura_Bold_Condensed_BT.ttf
  artifactKey: Guid(7ec3b3b4eead08041a01d45ee21aaa99) Importer(815301076,1909f56bfc062723c751e8b465ee728b)
Start importing Assets/IndiePixel_Framework/Core/Code/Editor/Level_Tools/Vertex_Painter/Fonts/Futura_Bold_Condensed_BT.ttf using Guid(7ec3b3b4eead08041a01d45ee21aaa99) Importer(815301076,1909f56bfc062723c751e8b465ee728b)  -> (artifact id: '09a67938d1860e2c24612be991a8f8ef') in 0.107943 seconds 
========================================================================
Received Import Request.
  Time since last request: 0.000027 seconds.
  path: Assets/IndiePixel_Framework/Core/Code/Editor/Editor_UI/Fonts/OpenSans-BoldItalic.ttf
  artifactKey: Guid(abd83069e5a97994495069ead80f01bb) Importer(815301076,1909f56bfc062723c751e8b465ee728b)
Start importing Assets/IndiePixel_Framework/Core/Code/Editor/Editor_UI/Fonts/OpenSans-BoldItalic.ttf using Guid(abd83069e5a97994495069ead80f01bb) Importer(815301076,1909f56bfc062723c751e8b465ee728b)  -> (artifact id: 'acd2e0593f0b0424e0233d7071df7058') in 0.029035 seconds 
========================================================================
Received Import Request.
  Time since last request: 0.000029 seconds.
  path: Assets/IndiePixel_Framework/Core/Code/Editor/Editor_UI/Fonts/OpenSans-ExtraBoldItalic.ttf
  artifactKey: Guid(d38c83cd49586434685217636393dfd4) Importer(815301076,1909f56bfc062723c751e8b465ee728b)
Start importing Assets/IndiePixel_Framework/Core/Code/Editor/Editor_UI/Fonts/OpenSans-ExtraBoldItalic.ttf using Guid(d38c83cd49586434685217636393dfd4) Importer(815301076,1909f56bfc062723c751e8b465ee728b)  -> (artifact id: '4404f6c58e5f3e8a93c322302b28e251') in 0.021668 seconds 
========================================================================
Received Import Request.
  Time since last request: 0.000031 seconds.
  path: Assets/IndiePixel_Framework/Core/Code/Editor/Editor_UI/Fonts/OpenSans-Semibold.ttf
  artifactKey: Guid(671d3652e4bf93e45acb8b6f2f15f878) Importer(815301076,1909f56bfc062723c751e8b465ee728b)
Start importing Assets/IndiePixel_Framework/Core/Code/Editor/Editor_UI/Fonts/OpenSans-Semibold.ttf using Guid(671d3652e4bf93e45acb8b6f2f15f878) Importer(815301076,1909f56bfc062723c751e8b465ee728b)  -> (artifact id: '144024851ca367a6f32f5ebcf7761f1f') in 0.027751 seconds 
========================================================================
Received Import Request.
  Time since last request: 0.000056 seconds.
  path: Assets/IndiePixel_Framework/Core/Art/Audio/UI/NavSingle.wav
  artifactKey: Guid(d1fbbf13a45a24b4fa380e64d57d9d28) Importer(815301076,1909f56bfc062723c751e8b465ee728b)
Start importing Assets/IndiePixel_Framework/Core/Art/Audio/UI/NavSingle.wav using Guid(d1fbbf13a45a24b4fa380e64d57d9d28) Importer(815301076,1909f56bfc062723c751e8b465ee728b)  -> (artifact id: '8aebb15433fa9b82a85a7dfb43d50987') in 0.252880 seconds 
========================================================================
Received Import Request.
  Time since last request: 0.000021 seconds.
  path: Assets/IndiePixel_Framework/Core/Art/UI/Loading_Spinners/loading_spinner_001.png
  artifactKey: Guid(9a6ce52c60166ce4ebeca26e133a0676) Importer(815301076,1909f56bfc062723c751e8b465ee728b)
Start importing Assets/IndiePixel_Framework/Core/Art/UI/Loading_Spinners/loading_spinner_001.png using Guid(9a6ce52c60166ce4ebeca26e133a0676) Importer(815301076,1909f56bfc062723c751e8b465ee728b)  -> (artifact id: 'f1040821517d5f2337b8366e76ee8ffc') in 0.025091 seconds 
========================================================================
Received Import Request.
  Time since last request: 0.000031 seconds.
  path: Assets/IndiePixel_Framework/Core/Code/Editor/Editor_UI/Emortal_Inspector_GUISkin.guiskin
  artifactKey: Guid(91b721082b625a142b839c7f4a236a56) Importer(815301076,1909f56bfc062723c751e8b465ee728b)
Start importing Assets/IndiePixel_Framework/Core/Code/Editor/Editor_UI/Emortal_Inspector_GUISkin.guiskin using Guid(91b721082b625a142b839c7f4a236a56) Importer(815301076,1909f56bfc062723c751e8b465ee728b)  -> (artifact id: '1b165fab772a5791117dcc90d21f802c') in 0.008756 seconds 
Editor requested this worker to shutdown with reason: Scaling down because of idle timeout
AssetImportWorker is now disconnected from the server
Process exiting
Exiting without the bug reporter. Application will terminate with return code 0