Using pre-set license
Built from '2021.3/staging' branch; Version is '2021.3.15f1 (e8e88683f834) revision 15263878'; Using compiler version '192829333'; Build Type 'Release'
OS: 'Windows 10  (10.0.19044) 64bit Professional' Language: 'en' Physical Memory: 16083 MB
BatchMode: 1, IsHumanControllingUs: 0, StartBugReporterOnCrash: 0, Is64bit: 1, IsPro: 1

COMMAND LINE ARGUMENTS:
C:\Program Files\Unity\Hub\Editor\2021.3.15f1\Editor\Unity.exe
-adb2
-batchMode
-noUpm
-name
AssetImportWorker0
-projectPath
C:/Users/aalsohail/UnityProjects/Airplane Physics
-logFile
Logs/AssetImportWorker0.log
-srvPort
49238
Successfully changed project path to: C:/Users/aalsohail/UnityProjects/Airplane Physics
C:/Users/aalsohail/UnityProjects/Airplane Physics
[UnityMemory] Configuration Parameters - Can be set up in boot.config
    "memorysetup-bucket-allocator-granularity=16"
    "memorysetup-bucket-allocator-bucket-count=8"
    "memorysetup-bucket-allocator-block-size=33554432"
    "memorysetup-bucket-allocator-block-count=8"
    "memorysetup-main-allocator-block-size=16777216"
    "memorysetup-thread-allocator-block-size=16777216"
    "memorysetup-gfx-main-allocator-block-size=16777216"
    "memorysetup-gfx-thread-allocator-block-size=16777216"
    "memorysetup-cache-allocator-block-size=4194304"
    "memorysetup-typetree-allocator-block-size=2097152"
    "memorysetup-profiler-bucket-allocator-granularity=16"
    "memorysetup-profiler-bucket-allocator-bucket-count=8"
    "memorysetup-profiler-bucket-allocator-block-size=33554432"
    "memorysetup-profiler-bucket-allocator-block-count=8"
    "memorysetup-profiler-allocator-block-size=16777216"
    "memorysetup-profiler-editor-allocator-block-size=1048576"
    "memorysetup-temp-allocator-size-main=16777216"
    "memorysetup-job-temp-allocator-block-size=2097152"
    "memorysetup-job-temp-allocator-block-size-background=1048576"
    "memorysetup-job-temp-allocator-reduction-small-platforms=262144"
    "memorysetup-temp-allocator-size-background-worker=32768"
    "memorysetup-temp-allocator-size-job-worker=262144"
    "memorysetup-temp-allocator-size-preload-manager=33554432"
    "memorysetup-temp-allocator-size-nav-mesh-worker=65536"
    "memorysetup-temp-allocator-size-audio-worker=65536"
    "memorysetup-temp-allocator-size-cloud-worker=32768"
    "memorysetup-temp-allocator-size-gi-baking-worker=262144"
    "memorysetup-temp-allocator-size-gfx=262144"
Player connection [24056] Host "[IP] 172.16.13.9 [Port] 0 [Flags] 2 [Guid] 2988696043 [EditorId] 2988696043 [Version] 1048832 [Id] WindowsEditor(7,aalsohail0te1) [Debug] 1 [PackageName] WindowsEditor [ProjectName] Editor" joined multi-casting on [225.0.0.222:54997]...

Player connection [24056] Host "[IP] 172.16.13.9 [Port] 0 [Flags] 2 [Guid] 2988696043 [EditorId] 2988696043 [Version] 1048832 [Id] WindowsEditor(7,aalsohail0te1) [Debug] 1 [PackageName] WindowsEditor [ProjectName] Editor" joined alternative multi-casting on [225.0.0.222:34997]...

Refreshing native plugins compatible for Editor in 87.43 ms, found 3 plugins.
Preloading 0 native plugins for Editor in 0.00 ms.
Initialize engine version: 2021.3.15f1 (e8e88683f834)
[Subsystems] Discovering subsystems at path C:/Program Files/Unity/Hub/Editor/2021.3.15f1/Editor/Data/Resources/UnitySubsystems
[Subsystems] Discovering subsystems at path C:/Users/aalsohail/UnityProjects/Airplane Physics/Assets
GfxDevice: creating device client; threaded=0; jobified=0
Direct3D:
    Version:  Direct3D 11.0 [level 11.1]
    Renderer: Intel(R) Iris(R) Xe Graphics (ID=0x46a8)
    Vendor:   Intel
    VRAM:     8041 MB
    Driver:   30.0.101.1369
Initialize mono
Mono path[0] = 'C:/Program Files/Unity/Hub/Editor/2021.3.15f1/Editor/Data/Managed'
Mono path[1] = 'C:/Program Files/Unity/Hub/Editor/2021.3.15f1/Editor/Data/MonoBleedingEdge/lib/mono/unityjit-win32'
Mono config path = 'C:/Program Files/Unity/Hub/Editor/2021.3.15f1/Editor/Data/MonoBleedingEdge/etc'
Using monoOptions --debugger-agent=transport=dt_socket,embedding=1,server=y,suspend=n,address=127.0.0.1:56944
Begin MonoManager ReloadAssembly
Registering precompiled unity dll's ...
Register platform support module: C:/Program Files/Unity/Hub/Editor/2021.3.15f1/Editor/Data/PlaybackEngines/WebGLSupport/UnityEditor.WebGL.Extensions.dll
Register platform support module: C:/Program Files/Unity/Hub/Editor/2021.3.15f1/Editor/Data/PlaybackEngines/WindowsStandaloneSupport/UnityEditor.WindowsStandalone.Extensions.dll
Registered in 0.025152 seconds.
Native extension for WindowsStandalone target not found
Native extension for WebGL target not found
Refreshing native plugins compatible for Editor in 85.15 ms, found 3 plugins.
Preloading 0 native plugins for Editor in 0.00 ms.
Mono: successfully reloaded assembly
- Completed reload, in  0.805 seconds
Domain Reload Profiling:
	ReloadAssembly (806ms)
		BeginReloadAssembly (123ms)
			ExecutionOrderSort (0ms)
			DisableScriptedObjects (0ms)
			BackupInstance (0ms)
			ReleaseScriptingObjects (0ms)
			CreateAndSetChildDomain (1ms)
		EndReloadAssembly (515ms)
			LoadAssemblies (116ms)
			RebuildTransferFunctionScriptingTraits (0ms)
			SetupTypeCache (112ms)
			ReleaseScriptCaches (0ms)
			RebuildScriptCaches (32ms)
			SetupLoadedEditorAssemblies (297ms)
				LogAssemblyErrors (0ms)
				InitializePlatformSupportModulesInManaged (16ms)
				SetLoadedEditorAssemblies (0ms)
				RefreshPlugins (85ms)
				BeforeProcessingInitializeOnLoad (1ms)
				ProcessInitializeOnLoadAttributes (137ms)
				ProcessInitializeOnLoadMethodAttributes (57ms)
				AfterProcessingInitializeOnLoad (0ms)
				EditorAssembliesLoaded (0ms)
			ExecutionOrderSort2 (0ms)
			AwakeInstancesAfterBackupRestoration (0ms)
Platform modules already initialized, skipping
Registering precompiled user dll's ...
Registered in 0.016342 seconds.
Begin MonoManager ReloadAssembly
Symbol file LoadedFromMemory doesn't match image C:\Users\aalsohail\UnityProjects\Airplane Physics\Library\PackageCache\com.unity.visualscripting@1.7.8\Editor\VisualScripting.Core\Dependencies\YamlDotNet\Unity.VisualScripting.YamlDotNet.dll
Symbol file LoadedFromMemory doesn't match image C:\Users\aalsohail\UnityProjects\Airplane Physics\Library\PackageCache\com.unity.visualscripting@1.7.8\Editor\VisualScripting.Core\Dependencies\DotNetZip\Unity.VisualScripting.IonicZip.dll
Native extension for WindowsStandalone target not found
Native extension for WebGL target not found
Refreshing native plugins compatible for Editor in 0.59 ms, found 3 plugins.
Preloading 0 native plugins for Editor in 0.00 ms.
Mono: successfully reloaded assembly
- Completed reload, in  1.305 seconds
Domain Reload Profiling:
	ReloadAssembly (1306ms)
		BeginReloadAssembly (146ms)
			ExecutionOrderSort (0ms)
			DisableScriptedObjects (6ms)
			BackupInstance (0ms)
			ReleaseScriptingObjects (0ms)
			CreateAndSetChildDomain (17ms)
		EndReloadAssembly (994ms)
			LoadAssemblies (137ms)
			RebuildTransferFunctionScriptingTraits (0ms)
			SetupTypeCache (291ms)
			ReleaseScriptCaches (0ms)
			RebuildScriptCaches (52ms)
			SetupLoadedEditorAssemblies (471ms)
				LogAssemblyErrors (0ms)
				InitializePlatformSupportModulesInManaged (14ms)
				SetLoadedEditorAssemblies (1ms)
				RefreshPlugins (1ms)
				BeforeProcessingInitializeOnLoad (126ms)
				ProcessInitializeOnLoadAttributes (275ms)
				ProcessInitializeOnLoadMethodAttributes (26ms)
				AfterProcessingInitializeOnLoad (27ms)
				EditorAssembliesLoaded (0ms)
			ExecutionOrderSort2 (0ms)
			AwakeInstancesAfterBackupRestoration (10ms)
Platform modules already initialized, skipping
========================================================================
Worker process is ready to serve import requests
Launched and connected shader compiler UnityShaderCompiler.exe after 0.41 seconds
Refreshing native plugins compatible for Editor in 0.55 ms, found 3 plugins.
Preloading 0 native plugins for Editor in 0.00 ms.
Unloading 3400 Unused Serialized files (Serialized files now loaded: 0)
Unloading 27 unused Assets / (113.8 KB). Loaded Objects now: 3858.
Memory consumption went from 117.6 MB to 117.5 MB.
Total: 3.352400 ms (FindLiveObjects: 0.265100 ms CreateObjectMapping: 0.110600 ms MarkObjects: 2.855000 ms  DeleteObjects: 0.120400 ms)

AssetImportParameters requested are different than current active one (requested -> active):
  custom:video-decoder-ogg-theora: a1e56fd34408186e4bbccfd4996cb3dc -> 
  custom:container-muxer-webm: aa71ff27fc2769a1b78a27578f13a17b -> 
  custom:container-demuxer-webm: 4f35f7cbe854078d1ac9338744f61a02 -> 
  custom:video-encoder-webm-vp8: eb34c28f22e8b96e1ab97ce403110664 -> 
  custom:audio-encoder-webm-vorbis: bf7c407c2cedff20999df2af8eb42d56 -> 
  custom:framework-win-MediaFoundation: 216162199b28c13a410421893ffa2e32 -> 
  custom:container-demuxer-ogg: 62fdf1f143b41e24485cea50d1cbac27 -> 
  custom:video-decoder-webm-vp8: 9c59270c3fd7afecdb556c50c9e8de78 -> 
  custom:audio-decoder-ogg-vorbis: bf7c407c2cedff20999df2af8eb42d56 -> 
========================================================================
Received Import Request.
  Time since last request: 7882.650271 seconds.
  path: Assets/IndiePixel_Framework
  artifactKey: Guid(70b9b11af3f6f704c99ff0e5ef974eac) Importer(815301076,1909f56bfc062723c751e8b465ee728b)
Start importing Assets/IndiePixel_Framework using Guid(70b9b11af3f6f704c99ff0e5ef974eac) Importer(815301076,1909f56bfc062723c751e8b465ee728b)  -> (artifact id: 'b5ca0d921c262001207e53293e0d1a07') in 0.010299 seconds 
========================================================================
Received Import Request.
  Time since last request: 0.000025 seconds.
  path: Assets/IndiePixel_Framework/Core/Art/Audio
  artifactKey: Guid(9ba1159c39a9e1f4a8a2d94cff942c47) Importer(815301076,1909f56bfc062723c751e8b465ee728b)
Start importing Assets/IndiePixel_Framework/Core/Art/Audio using Guid(9ba1159c39a9e1f4a8a2d94cff942c47) Importer(815301076,1909f56bfc062723c751e8b465ee728b)  -> (artifact id: '88faaec57aa0589391c93170a0c6cc67') in 0.004527 seconds 
========================================================================
Received Import Request.
  Time since last request: 0.000024 seconds.
  path: Assets/IndiePixel_Framework/Core
  artifactKey: Guid(2d1c692172a895a41be879ccfa5ae7b7) Importer(815301076,1909f56bfc062723c751e8b465ee728b)
Start importing Assets/IndiePixel_Framework/Core using Guid(2d1c692172a895a41be879ccfa5ae7b7) Importer(815301076,1909f56bfc062723c751e8b465ee728b)  -> (artifact id: '32a48ada13771ed5ec9becd0702b6275') in 0.005479 seconds 
========================================================================
Received Import Request.
  Time since last request: 0.000102 seconds.
  path: Assets/IndiePixel_Framework/Core/Art
  artifactKey: Guid(3597a0e257099674eb401c6de00798f3) Importer(815301076,1909f56bfc062723c751e8b465ee728b)
Start importing Assets/IndiePixel_Framework/Core/Art using Guid(3597a0e257099674eb401c6de00798f3) Importer(815301076,1909f56bfc062723c751e8b465ee728b)  -> (artifact id: '732b10e70cb5e13c2979ff3cb041f367') in 0.005770 seconds 
========================================================================
Received Import Request.
  Time since last request: 78.046851 seconds.
  path: Assets/IndiePixel_Framework/UI
  artifactKey: Guid(7cf7956cd8eefc94e8eda10925fcd63f) Importer(815301076,1909f56bfc062723c751e8b465ee728b)
Start importing Assets/IndiePixel_Framework/UI using Guid(7cf7956cd8eefc94e8eda10925fcd63f) Importer(815301076,1909f56bfc062723c751e8b465ee728b)  -> (artifact id: '5dbd9a15c0691f4f416aee1fe228cc0e') in 0.008526 seconds 
========================================================================
Received Import Request.
  Time since last request: 0.736235 seconds.
  path: Assets/IndiePixel_Framework/UI/Prefabs
  artifactKey: Guid(2328280430842b747b20eed505035165) Importer(815301076,1909f56bfc062723c751e8b465ee728b)
Start importing Assets/IndiePixel_Framework/UI/Prefabs using Guid(2328280430842b747b20eed505035165) Importer(815301076,1909f56bfc062723c751e8b465ee728b)  -> (artifact id: '69a773c52b357b37ad1492f241f92caf') in 0.009836 seconds 
========================================================================
Received Import Request.
  Time since last request: 0.074662 seconds.
  path: Assets/IndiePixel_Framework/UI/Prefabs/UI_GRP.prefab
  artifactKey: Guid(96e09d91c59454041999d931d8602080) Importer(815301076,1909f56bfc062723c751e8b465ee728b)
Start importing Assets/IndiePixel_Framework/UI/Prefabs/UI_GRP.prefab using Guid(96e09d91c59454041999d931d8602080) Importer(815301076,1909f56bfc062723c751e8b465ee728b)  -> (artifact id: '6891d7b1bd9fecaa7ac36573ad81e98e') in 0.082532 seconds 
========================================================================
Received Import Request.
  Time since last request: 180.358687 seconds.
  path: Assets/IndiePixel_Framework/UI/Code
  artifactKey: Guid(7f8144f442c2d63479210b93575aa52b) Importer(815301076,1909f56bfc062723c751e8b465ee728b)
Start importing Assets/IndiePixel_Framework/UI/Code using Guid(7f8144f442c2d63479210b93575aa52b) Importer(815301076,1909f56bfc062723c751e8b465ee728b)  -> (artifact id: 'd67c1961b2452cb2126bea3f19c44c2e') in 0.007567 seconds 
========================================================================
Received Import Request.
  Time since last request: 62.169566 seconds.
  path: Assets/IndiePixel_Framework/Core/Art/UI
  artifactKey: Guid(3a2dd0fe9b9f57f4fb849d06af6000aa) Importer(815301076,1909f56bfc062723c751e8b465ee728b)
Start importing Assets/IndiePixel_Framework/Core/Art/UI using Guid(3a2dd0fe9b9f57f4fb849d06af6000aa) Importer(815301076,1909f56bfc062723c751e8b465ee728b)  -> (artifact id: '57f41958d7b4533a878758510e69b89f') in 0.005671 seconds 
========================================================================
Received Import Request.
  Time since last request: 0.072974 seconds.
  path: Assets/IndiePixel_Framework/Core/Art/UI/arrow-001.png
  artifactKey: Guid(f25b6b997bfc3304e8e9804216670010) Importer(815301076,1909f56bfc062723c751e8b465ee728b)
Start importing Assets/IndiePixel_Framework/Core/Art/UI/arrow-001.png using Guid(f25b6b997bfc3304e8e9804216670010) Importer(815301076,1909f56bfc062723c751e8b465ee728b)  -> (artifact id: '4cc646ccc0544836cd4a76a136caae12') in 1.122102 seconds 
========================================================================
Received Import Request.
  Time since last request: 0.246929 seconds.
  path: Assets/IndiePixel_Framework/Core/Art/UI/btn-full-radius-white.png
  artifactKey: Guid(114795fe874738841be6ec315a1c8544) Importer(815301076,1909f56bfc062723c751e8b465ee728b)
Start importing Assets/IndiePixel_Framework/Core/Art/UI/btn-full-radius-white.png using Guid(114795fe874738841be6ec315a1c8544) Importer(815301076,1909f56bfc062723c751e8b465ee728b)  -> (artifact id: '7953c17f5bb302bf7f49e098f7986af1') in 0.018115 seconds 
========================================================================
Received Import Request.
  Time since last request: 0.000019 seconds.
  path: Assets/IndiePixel_Framework/Core/Art/UI/settings-facebook.png
  artifactKey: Guid(da406463a22879b4ebccff61447c0e8d) Importer(815301076,1909f56bfc062723c751e8b465ee728b)
Start importing Assets/IndiePixel_Framework/Core/Art/UI/settings-facebook.png using Guid(da406463a22879b4ebccff61447c0e8d) Importer(815301076,1909f56bfc062723c751e8b465ee728b)  -> (artifact id: 'eff84b975fb5efb36957445c976f8e1b') in 0.016994 seconds 
========================================================================
Received Import Request.
  Time since last request: 0.000025 seconds.
  path: Assets/IndiePixel_Framework/Core/Art/UI/settings-notificationsOff.png
  artifactKey: Guid(b23ab9f385604d94ca6b698adbdd64f6) Importer(815301076,1909f56bfc062723c751e8b465ee728b)
Start importing Assets/IndiePixel_Framework/Core/Art/UI/settings-notificationsOff.png using Guid(b23ab9f385604d94ca6b698adbdd64f6) Importer(815301076,1909f56bfc062723c751e8b465ee728b)  -> (artifact id: '18c4cc93e6fdd2dfc04ce26c2298aa49') in 0.014208 seconds 
========================================================================
Received Import Request.
  Time since last request: 0.000021 seconds.
  path: Assets/IndiePixel_Framework/Core/Art/UI/settings-musicOff.png
  artifactKey: Guid(feacb447dcf5da245b1a6860e08a92b9) Importer(815301076,1909f56bfc062723c751e8b465ee728b)
Start importing Assets/IndiePixel_Framework/Core/Art/UI/settings-musicOff.png using Guid(feacb447dcf5da245b1a6860e08a92b9) Importer(815301076,1909f56bfc062723c751e8b465ee728b)  -> (artifact id: 'c4f1fe98c2cc61827742631bc8478b81') in 0.014391 seconds 
========================================================================
Received Import Request.
  Time since last request: 0.000023 seconds.
  path: Assets/IndiePixel_Framework/Core/Art/UI/Users-User-icon.png
  artifactKey: Guid(bfb36aae8f98c69448d8be7f5340cbaa) Importer(815301076,1909f56bfc062723c751e8b465ee728b)
Start importing Assets/IndiePixel_Framework/Core/Art/UI/Users-User-icon.png using Guid(bfb36aae8f98c69448d8be7f5340cbaa) Importer(815301076,1909f56bfc062723c751e8b465ee728b)  -> (artifact id: '18f0ec5239d334a689a315630942f8d7') in 0.027640 seconds 
========================================================================
Received Import Request.
  Time since last request: 0.000022 seconds.
  path: Assets/IndiePixel_Framework/Core/Art/UI/bg-white.png
  artifactKey: Guid(b2ca2e97b1e853a4786c4a278a97775d) Importer(815301076,1909f56bfc062723c751e8b465ee728b)
Start importing Assets/IndiePixel_Framework/Core/Art/UI/bg-white.png using Guid(b2ca2e97b1e853a4786c4a278a97775d) Importer(815301076,1909f56bfc062723c751e8b465ee728b)  -> (artifact id: '64bcc376f7e489059daddc77a558e0dc') in 0.015321 seconds 
========================================================================
Received Import Request.
  Time since last request: 0.000021 seconds.
  path: Assets/IndiePixel_Framework/Core/Art/UI/info-2-xxl.png
  artifactKey: Guid(9ca50e8632b1c6c4d8929456dc141fbc) Importer(815301076,1909f56bfc062723c751e8b465ee728b)
Start importing Assets/IndiePixel_Framework/Core/Art/UI/info-2-xxl.png using Guid(9ca50e8632b1c6c4d8929456dc141fbc) Importer(815301076,1909f56bfc062723c751e8b465ee728b)  -> (artifact id: '995c52fffa474ef6d92b54ca93349f5b') in 0.018749 seconds 
========================================================================
Received Import Request.
  Time since last request: 0.000020 seconds.
  path: Assets/IndiePixel_Framework/Core/Art/UI/submachine_gun_filled1600.png
  artifactKey: Guid(7e345d3ae32d1e547910ede63ff26f80) Importer(815301076,1909f56bfc062723c751e8b465ee728b)
Start importing Assets/IndiePixel_Framework/Core/Art/UI/submachine_gun_filled1600.png using Guid(7e345d3ae32d1e547910ede63ff26f80) Importer(815301076,1909f56bfc062723c751e8b465ee728b)  -> (artifact id: 'cb95c0ea4cf9bf0c6a805f8741309eb4') in 0.133981 seconds 
========================================================================
Received Import Request.
  Time since last request: 5.207831 seconds.
  path: Assets/IndiePixel_Framework/Core/Art/Objects
  artifactKey: Guid(e2692d975974c3f49845758d74f0dd02) Importer(815301076,1909f56bfc062723c751e8b465ee728b)
Start importing Assets/IndiePixel_Framework/Core/Art/Objects using Guid(e2692d975974c3f49845758d74f0dd02) Importer(815301076,1909f56bfc062723c751e8b465ee728b)  -> (artifact id: 'a63ef9b8e6064bab3b5191ea63b57adc') in 0.005943 seconds 
========================================================================
Received Import Request.
  Time since last request: 0.074254 seconds.
  path: Assets/IndiePixel_Framework/Core/Art/Objects/Default_Syke.fbx
  artifactKey: Guid(4a70b1793e1d0ef4aa24c2cc0b5cb1ea) Importer(815301076,1909f56bfc062723c751e8b465ee728b)
Start importing Assets/IndiePixel_Framework/Core/Art/Objects/Default_Syke.fbx using Guid(4a70b1793e1d0ef4aa24c2cc0b5cb1ea) Importer(815301076,1909f56bfc062723c751e8b465ee728b)  -> (artifact id: '81f970c41cf01919da908880b4c43032') in 0.451952 seconds 
========================================================================
Received Import Request.
  Time since last request: 32.712771 seconds.
  path: Assets/IndiePixel_Framework/Core/Art/Grids/orange-grid.png
  artifactKey: Guid(edccaa9b58b803b4baea935865067e1c) Importer(815301076,1909f56bfc062723c751e8b465ee728b)
Start importing Assets/IndiePixel_Framework/Core/Art/Grids/orange-grid.png using Guid(edccaa9b58b803b4baea935865067e1c) Importer(815301076,1909f56bfc062723c751e8b465ee728b)  -> (artifact id: '3b1a5f8f05ba9ccf338cebf06e127e06') in 0.020310 seconds 
Editor requested this worker to shutdown with reason: Scaling down because of idle timeout
AssetImportWorker is now disconnected from the server
Process exiting
Exiting without the bug reporter. Application will terminate with return code 0